4/14/2022, 9:38:41 PM [31merror[39m: [31m{}[39m
4/14/2022, 10:34:03 PM [31merror[39m: [31m{}[39m
4/14/2022, 11:08:12 PM [31merror[39m: [31mValidation errors {"errors":[{"msg":"Invalid value","param":"apiToken","location":"query"},{"msg":"Invalid value","param":"apiToken","location":"query"}]}[39m
4/14/2022, 11:08:12 PM [31merror[39m: [31mserver.validationErrorHandler: object {"errors":["query[apiToken: undefined]: Invalid value","query[apiToken: undefined]: Invalid value"]}[39m
4/14/2022, 11:42:53 PM [31merror[39m: [31mserver.validationErrorHandler: object {"name":"NOT_FOUND","serviceError":"APIError","httpCode":404,"isOperational":true}[39m
4/14/2022, 11:42:53 PM [31merror[39m: [31mserver.validationErrorHandler: object {"name":"NOT_FOUND","serviceError":"APIError","httpCode":404,"isOperational":true}[39m
4/14/2022, 11:42:54 PM [31merror[39m: [31mserver.validationErrorHandler: object {"name":"NOT_FOUND","serviceError":"APIError","httpCode":404,"isOperational":true}[39m
4/14/2022, 11:44:18 PM [31merror[39m: [31mserver.validationErrorHandler: object {"name":"NOT_FOUND","serviceError":"APIError","httpCode":404,"isOperational":true}[39m
4/14/2022, 11:44:18 PM [31merror[39m: [31mserver.validationErrorHandler: object {"name":"NOT_FOUND","serviceError":"APIError","httpCode":404,"isOperational":true}[39m
4/14/2022, 11:44:18 PM [31merror[39m: [31mserver.validationErrorHandler: object {"name":"NOT_FOUND","serviceError":"APIError","httpCode":404,"isOperational":true}[39m
4/14/2022, 11:47:31 PM [31merror[39m: [31mserver.validationErrorHandler: object {"name":"NOT_FOUND","serviceError":"APIError","httpCode":404,"isOperational":true}[39m
4/14/2022, 11:47:31 PM [31merror[39m: [31mserver.validationErrorHandler: object {"name":"NOT_FOUND","serviceError":"APIError","httpCode":404,"isOperational":true}[39m
4/14/2022, 11:47:31 PM [31merror[39m: [31mserver.validationErrorHandler: object {"name":"NOT_FOUND","serviceError":"APIError","httpCode":404,"isOperational":true}[39m
4/14/2022, 11:47:41 PM [31merror[39m: [31mserver.validationErrorHandler: object {"name":"NOT_FOUND","serviceError":"APIError","httpCode":404,"isOperational":true}[39m
4/14/2022, 11:47:41 PM [31merror[39m: [31mserver.validationErrorHandler: object {"name":"NOT_FOUND","serviceError":"APIError","httpCode":404,"isOperational":true}[39m
4/14/2022, 11:47:41 PM [31merror[39m: [31mserver.validationErrorHandler: object {"name":"NOT_FOUND","serviceError":"APIError","httpCode":404,"isOperational":true}[39m
4/14/2022, 11:49:08 PM [31merror[39m: [31mserver.validationErrorHandler: object {"name":"NOT_FOUND","serviceError":"APIError","httpCode":404,"isOperational":true}[39m
4/14/2022, 11:49:08 PM [31merror[39m: [31mserver.validationErrorHandler: object {"name":"NOT_FOUND","serviceError":"APIError","httpCode":404,"isOperational":true}[39m
4/14/2022, 11:49:08 PM [31merror[39m: [31mserver.validationErrorHandler: object {"name":"NOT_FOUND","serviceError":"APIError","httpCode":404,"isOperational":true}[39m
4/14/2022, 11:51:57 PM [31merror[39m: [31mserver.validationErrorHandler: object {"name":"NOT_FOUND","serviceError":"APIError","httpCode":404,"isOperational":true}[39m
4/14/2022, 11:51:57 PM [31merror[39m: [31mserver.validationErrorHandler: object {"name":"NOT_FOUND","serviceError":"APIError","httpCode":404,"isOperational":true}[39m
4/14/2022, 11:51:57 PM [31merror[39m: [31mserver.validationErrorHandler: object {"name":"NOT_FOUND","serviceError":"APIError","httpCode":404,"isOperational":true}[39m
4/14/2022, 11:52:01 PM [31merror[39m: [31mserver.validationErrorHandler: object {"name":"NOT_FOUND","serviceError":"APIError","httpCode":404,"isOperational":true}[39m
4/14/2022, 11:52:01 PM [31merror[39m: [31mserver.validationErrorHandler: object {"name":"NOT_FOUND","serviceError":"APIError","httpCode":404,"isOperational":true}[39m
4/14/2022, 11:52:01 PM [31merror[39m: [31mserver.validationErrorHandler: object {"name":"NOT_FOUND","serviceError":"APIError","httpCode":404,"isOperational":true}[39m
4/14/2022, 11:52:09 PM [31merror[39m: [31mserver.validationErrorHandler: object {"name":"NOT_FOUND","serviceError":"APIError","httpCode":404,"isOperational":true}[39m
4/14/2022, 11:52:09 PM [31merror[39m: [31mserver.validationErrorHandler: object {"name":"NOT_FOUND","serviceError":"APIError","httpCode":404,"isOperational":true}[39m
4/14/2022, 11:52:09 PM [31merror[39m: [31mserver.validationErrorHandler: object {"name":"NOT_FOUND","serviceError":"APIError","httpCode":404,"isOperational":true}[39m
4/14/2022, 11:57:06 PM [31merror[39m: [31mValidation errors {"errors":[{"msg":"Invalid value","param":"apiToken","location":"query"},{"msg":"Invalid value","param":"apiToken","location":"query"}]}[39m
4/14/2022, 11:57:06 PM [31merror[39m: [31mserver.validationErrorHandler: object {"errors":["query[apiToken: undefined]: Invalid value","query[apiToken: undefined]: Invalid value"]}[39m
4/14/2022, 11:58:42 PM [31merror[39m: [31mValidation errors {"errors":[{"value":"","msg":"Invalid value","param":"apiToken","location":"query"}]}[39m
4/14/2022, 11:58:42 PM [31merror[39m: [31mserver.validationErrorHandler: object {"errors":["query[apiToken: ]: Invalid value"]}[39m
4/14/2022, 11:59:16 PM [31merror[39m: [31mValidation errors {"errors":[{"msg":"Invalid value","param":"apiToken","location":"query"},{"msg":"Invalid value","param":"apiToken","location":"query"}]}[39m
4/14/2022, 11:59:16 PM [31merror[39m: [31mserver.validationErrorHandler: object {"errors":["query[apiToken: undefined]: Invalid value","query[apiToken: undefined]: Invalid value"]}[39m
4/14/2022, 11:59:41 PM [31merror[39m: [31mValidation errors {"errors":[{"msg":"Invalid value","param":"apiToken","location":"query"},{"msg":"Invalid value","param":"apiToken","location":"query"}]}[39m
4/14/2022, 11:59:41 PM [31merror[39m: [31mserver.validationErrorHandler: object {"errors":["query[apiToken: undefined]: Invalid value","query[apiToken: undefined]: Invalid value"]}[39m
4/15/2022, 12:02:23 AM [31merror[39m: [31mValidation errors {"errors":[{"msg":"Invalid value","param":"apiToken","location":"query"},{"msg":"Invalid value","param":"apiToken","location":"query"}]}[39m
4/15/2022, 12:02:23 AM [31merror[39m: [31mserver.validationErrorHandler: object {"errors":["query[apiToken: undefined]: Invalid value","query[apiToken: undefined]: Invalid value"]}[39m
4/15/2022, 12:03:22 AM [31merror[39m: [31mValidation errors {"errors":[{"msg":"Invalid value","param":"apiToken","location":"query"},{"msg":"Invalid value","param":"apiToken","location":"query"}]}[39m
4/15/2022, 12:03:22 AM [31merror[39m: [31mserver.validationErrorHandler: object {"errors":["query[apiToken: undefined]: Invalid value","query[apiToken: undefined]: Invalid value"]}[39m
4/15/2022, 12:47:28 AM [31merror[39m: [31mValidation errors {"errors":[{"msg":"Invalid value","param":"apiToken","location":"query"},{"msg":"Invalid value","param":"apiToken","location":"query"}]}[39m
4/15/2022, 12:47:28 AM [31merror[39m: [31mserver.validationErrorHandler: object {"errors":["query[apiToken: undefined]: Invalid value","query[apiToken: undefined]: Invalid value"]}[39m
4/15/2022, 1:44:32 AM [31merror[39m: [31mValidation errors {"errors":[{"value":"nogood","msg":"Invalid value","param":"apiToken","location":"query"}]}[39m
4/15/2022, 1:44:32 AM [31merror[39m: [31mserver.validationErrorHandler: object {"errors":["query[apiToken: nogood]: Invalid value"]}[39m
4/15/2022, 2:26:05 AM [31merror[39m: [31m{}[39m
4/15/2022, 2:26:46 AM [31merror[39m: [31m{}[39m
4/15/2022, 2:35:23 AM [31merror[39m: [31m{}[39m
4/15/2022, 2:35:46 AM [31merror[39m: [31m{}[39m
4/15/2022, 2:36:24 AM [31merror[39m: [31m{}[39m
4/15/2022, 2:42:52 AM [31merror[39m: [31m{}[39m
4/15/2022, 2:43:43 AM [31merror[39m: [31m{}[39m
4/15/2022, 2:46:09 AM [31merror[39m: [31m{}[39m
4/15/2022, 2:46:34 AM [31merror[39m: [31m{}[39m
4/15/2022, 2:47:16 AM [31merror[39m: [31m{}[39m
4/15/2022, 2:48:34 AM [31merror[39m: [31m{}[39m
4/15/2022, 2:49:35 AM [31merror[39m: [31m{}[39m
4/15/2022, 2:52:03 AM [31merror[39m: [31m{}[39m
4/15/2022, 2:52:31 AM [31merror[39m: [31m{}[39m
4/15/2022, 2:53:29 AM [31merror[39m: [31m{}[39m
4/15/2022, 2:54:49 AM [31merror[39m: [31m{}[39m
4/15/2022, 2:55:37 AM [31merror[39m: [31m{}[39m
4/15/2022, 2:55:57 AM [31merror[39m: [31m{}[39m
4/15/2022, 2:56:45 AM [31merror[39m: [31m{}[39m
4/15/2022, 2:57:03 AM [31merror[39m: [31m{}[39m
4/15/2022, 3:02:03 AM [31merror[39m: [31m{}[39m
4/15/2022, 3:02:35 AM [31merror[39m: [31m{}[39m
4/15/2022, 3:04:26 AM [31merror[39m: [31m{}[39m
4/15/2022, 3:04:55 AM [31merror[39m: [31m{}[39m
4/15/2022, 3:05:05 AM [31merror[39m: [31m{}[39m
4/15/2022, 3:05:27 AM [31merror[39m: [31m{}[39m
4/15/2022, 3:06:07 AM [31merror[39m: [31m{}[39m
4/15/2022, 3:07:57 AM [31merror[39m: [31m{}[39m
4/15/2022, 3:08:11 AM [31merror[39m: [31m{}[39m
4/15/2022, 3:08:34 AM [31merror[39m: [31m{}[39m
4/15/2022, 3:09:11 AM [31merror[39m: [31m{}[39m
4/15/2022, 3:10:31 AM [31merror[39m: [31m{}[39m
4/15/2022, 3:11:09 AM [31merror[39m: [31m{}[39m
4/15/2022, 3:11:38 AM [31merror[39m: [31m{}[39m
4/15/2022, 3:20:31 AM [31merror[39m: [31mValidation errors {"errors":[{"msg":"Invalid value","param":"apiToken","location":"query"},{"msg":"Invalid value","param":"apiToken","location":"query"}]}[39m
4/15/2022, 3:20:31 AM [31merror[39m: [31mserver.validationErrorHandler: object {"errors":["query[apiToken: undefined]: Invalid value","query[apiToken: undefined]: Invalid value"]}[39m
4/15/2022, 3:20:31 AM [31merror[39m: [31mValidation errors {"errors":[{"msg":"Invalid value","param":"apiToken","location":"query"},{"msg":"Invalid value","param":"apiToken","location":"query"}]}[39m
4/15/2022, 3:20:31 AM [31merror[39m: [31mserver.validationErrorHandler: object {"errors":["query[apiToken: undefined]: Invalid value","query[apiToken: undefined]: Invalid value"]}[39m
4/15/2022, 3:22:36 AM [31merror[39m: [31mValidation errors {"errors":[{"msg":"Invalid value","param":"apiToken","location":"query"},{"msg":"Invalid value","param":"apiToken","location":"query"}]}[39m
4/15/2022, 3:22:36 AM [31merror[39m: [31mserver.validationErrorHandler: object {"errors":["query[apiToken: undefined]: Invalid value","query[apiToken: undefined]: Invalid value"]}[39m
4/15/2022, 3:22:36 AM [31merror[39m: [31mserver.validationErrorHandler: object {"name":"NOT_AUTHORIZED","serviceError":"APIError","httpCode":401,"isOperational":true}[39m
4/15/2022, 3:23:37 AM [31merror[39m: [31mValidation errors {"errors":[{"msg":"Invalid value","param":"apiToken","location":"query"},{"msg":"Invalid value","param":"apiToken","location":"query"}]}[39m
4/15/2022, 3:23:37 AM [31merror[39m: [31mserver.validationErrorHandler: object {"errors":["query[apiToken: undefined]: Invalid value","query[apiToken: undefined]: Invalid value"]}[39m
4/15/2022, 3:23:37 AM [31merror[39m: [31mserver.validationErrorHandler: object {"name":"NOT_AUTHORIZED","serviceError":"APIError","httpCode":401,"isOperational":true}[39m
4/15/2022, 3:24:30 AM [31merror[39m: [31mValidation errors {"errors":[{"msg":"Invalid value","param":"apiToken","location":"query"},{"msg":"Invalid value","param":"apiToken","location":"query"}]}[39m
4/15/2022, 3:24:30 AM [31merror[39m: [31mserver.validationErrorHandler: object {"errors":["query[apiToken: undefined]: Invalid value","query[apiToken: undefined]: Invalid value"]}[39m
4/15/2022, 3:24:30 AM [31merror[39m: [31mserver.validationErrorHandler: object {"name":"NOT_AUTHORIZED","serviceError":"APIError","httpCode":401,"isOperational":true}[39m
4/15/2022, 3:28:58 AM [31merror[39m: [31mValidation errors {"errors":[{"msg":"Invalid value","param":"apiToken","location":"query"},{"msg":"Invalid value","param":"apiToken","location":"query"}]}[39m
4/15/2022, 3:28:58 AM [31merror[39m: [31mserver.validationErrorHandler: object {"errors":["query[apiToken: undefined]: Invalid value","query[apiToken: undefined]: Invalid value"]}[39m
4/15/2022, 3:28:58 AM [31merror[39m: [31mserver.validationErrorHandler: object {"name":"NOT_AUTHORIZED","serviceError":"APIError","httpCode":401,"isOperational":true}[39m
4/15/2022, 3:30:30 AM [31merror[39m: [31mserver.validationErrorHandler: object {"name":"NOT_AUTHORIZED","serviceError":"APIError","httpCode":401,"isOperational":true}[39m
4/16/2022, 2:16:04 AM [31merror[39m: [31m{}[39m
4/16/2022, 3:03:25 AM [31merror[39m: [31m{}[39m
4/16/2022, 3:11:40 AM [31merror[39m: [31m{}[39m
4/16/2022, 3:23:52 AM [31merror[39m: [31m{}[39m
4/16/2022, 3:24:47 AM [31merror[39m: [31m{}[39m
4/16/2022, 3:27:23 AM [31merror[39m: [31m{}[39m
4/16/2022, 3:27:36 AM [31merror[39m: [31m{}[39m
4/16/2022, 3:48:20 AM [31merror[39m: [31m{}[39m
4/16/2022, 3:49:22 AM [31merror[39m: [31m{}[39m
4/16/2022, 3:52:54 AM [31merror[39m: [31m{}[39m
4/16/2022, 3:53:56 AM [31merror[39m: [31m{}[39m
4/17/2022, 2:58:11 AM [31merror[39m: [31m{}[39m
4/17/2022, 3:07:35 AM [31merror[39m: [31m{}[39m
4/17/2022, 3:11:24 AM [31merror[39m: [31m{}[39m
4/21/2022, 1:03:49 AM [31merror[39m: [31mserver.validationErrorHandler: object {"name":"APITokenFormatError","httpCode":400,"message":"Your request was missing a proper API Token."}[39m
4/21/2022, 1:04:48 AM [31merror[39m: [31mserver.validationErrorHandler: object {"name":"APITokenFormatError","httpCode":400,"message":"Your request was missing a proper API Token."}[39m
4/21/2022, 1:09:01 AM [31merror[39m: [31mserver.validationErrorHandler: object {"name":"APITokenFormatError","httpCode":400,"message":"Your request was missing a proper API Token."}[39m
4/21/2022, 1:15:18 AM [31merror[39m: [31mserver.validationErrorHandler: object {"name":"AuthorizationError","httpCode":403}[39m
4/21/2022, 1:17:31 AM [31merror[39m: [31mserver.validationErrorHandler: object {"name":"APITokenFormatError","httpCode":400,"message":"Your request was missing a proper API Token."}[39m
4/21/2022, 1:17:32 AM [31merror[39m: [31mserver.validationErrorHandler: object {"name":"AuthorizationError","httpCode":403}[39m
4/21/2022, 1:27:25 AM [31merror[39m: [31mserver.validationErrorHandler: object {"name":"APITokenFormatError","httpCode":400,"message":"Your request was missing a proper API Token."}[39m
4/21/2022, 1:34:13 AM [31merror[39m: [31mserver.validationErrorHandler: object {"name":"APITokenFormatError","httpCode":400,"message":"Your request was missing a proper API Token."}[39m
4/21/2022, 1:34:13 AM [31merror[39m: [31mserver.validationErrorHandler: object {"name":"AuthorizationError","httpCode":403}[39m
4/21/2022, 1:38:41 AM [31merror[39m: [31mserver.validationErrorHandler: object {"name":"APITokenFormatError","httpCode":400,"message":"Your request was missing a proper API Token."}[39m
4/21/2022, 1:38:41 AM [31merror[39m: [31mserver.validationErrorHandler: object {"name":"AuthorizationError","httpCode":403}[39m
4/21/2022, 1:41:27 AM [31merror[39m: [31mserver.validationErrorHandler: object {"name":"APITokenFormatError","httpCode":400,"message":"Your request was missing a proper API Token."}[39m
4/21/2022, 1:41:27 AM [31merror[39m: [31mserver.validationErrorHandler: object {"name":"AuthorizationError","httpCode":403}[39m
